<?xml version="1.0" encoding="UTF-8"?>
<!-- Generated by org.testng.reporters.JUnitXMLReporter -->
<testsuite ignored="0" hostname="Deepika" failures="4" tests="11" name="Test" time="53.414" errors="0" timestamp="27 Jun 2023 04:13:32 GMT">
  <testcase classname="com.qafox.testscript.LoginPageTest" name="verifyLoginTitle" time="0.011"/>
  <testcase classname="com.qafox.testscript.LoginPageTest" name="verifyLoginButtonEnabled" time="0.023"/>
  <testcase classname="com.qafox.testscript.LoginPageTest" name="verifyUsernameTextboxEnabled" time="0.019"/>
  <testcase classname="com.qafox.testscript.LoginPageTest" name="verifyPasswordTextboxEnabled" time="0.023"/>
  <testcase classname="com.qafox.testscript.LoginPageTest" name="verifyLoginWithUsernameAndPassword" time="0.404">
    <failure type="java.lang.AssertionError" message="Login not Successful expected [My Account] but found [Account Login]">
      <![CDATA[java.lang.AssertionError: Login not Successful expected [My Account] but found [Account Login]
at com.qafox.testscript.LoginPageTest.verifyLoginWithUsernameAndPassword(LoginPageTest.java:67)
... Removed 30 stack frames]]>
    </failure>
  </testcase> <!-- verifyLoginWithUsernameAndPassword -->
  <testcase classname="com.qafox.testscript.LoginPageTest" name="verifyLoginWithUsernameAndPassword" time="0.332">
    <failure type="java.lang.AssertionError" message="Login not Successful expected [My Account] but found [Account Login]">
      <![CDATA[java.lang.AssertionError: Login not Successful expected [My Account] but found [Account Login]
at com.qafox.testscript.LoginPageTest.verifyLoginWithUsernameAndPassword(LoginPageTest.java:67)
... Removed 30 stack frames]]>
    </failure>
  </testcase> <!-- verifyLoginWithUsernameAndPassword -->
  <testcase classname="com.qafox.testscript.LoginPageTest" name="verifyLoginWithUsernameAndPassword" time="0.382"/>
  <testcase classname="com.qafox.testscript.LoginPageTest" name="verifyLoginWithUsernameAndPassword" time="0.312">
    <failure type="java.lang.AssertionError" message="Login not Successful expected [My Account] but found [Account Login]">
      <![CDATA[java.lang.AssertionError: Login not Successful expected [My Account] but found [Account Login]
at com.qafox.testscript.LoginPageTest.verifyLoginWithUsernameAndPassword(LoginPageTest.java:67)
... Removed 30 stack frames]]>
    </failure>
  </testcase> <!-- verifyLoginWithUsernameAndPassword -->
  <testcase classname="com.qafox.testscript.LoginPageTest" name="verifyForgotPasswordLinkEnabled" time="0.016">
    <failure type="java.lang.AssertionError" message="expected [false] but found [true]">
      <![CDATA[java.lang.AssertionError: expected [false] but found [true]
at com.qafox.testscript.LoginPageTest.verifyForgotPasswordLinkEnabled(LoginPageTest.java:73)
... Removed 29 stack frames]]>
    </failure>
  </testcase> <!-- verifyForgotPasswordLinkEnabled -->
  <testcase classname="com.qafox.testscript.HomePageTest" name="verifyHomePageLinks" time="1.652"/>
  <testcase classname="com.qafox.testscript.HomePageTest" name="verifyHomePageTitle" time="0.409"/>
</testsuite> <!-- Test -->
