<?xml version="1.0" encoding="UTF-8"?>
<!-- Generated by org.testng.reporters.JUnitXMLReporter -->
<testsuite hostname="Deepika" ignored="0" name="Command line test" tests="1" failures="0" timestamp="2023-06-26T18:06:56 IST" time="0.031" errors="0">
  <testcase name="@BeforeMethod setUp" time="0.004" classname="com.qafox.testscript.LoginPageTest">
    <failure type="java.lang.NullPointerException">
      <![CDATA[java.lang.NullPointerException
at com.qafox.base.TestBase.initialization(TestBase.java:41)
at com.qafox.testscript.LoginPageTest.setUp(LoginPageTest.java:22)
at java.util.ArrayList.forEach(ArrayList.java:1257)
... Removed 40 stack frames]]>
    </failure>
  </testcase> <!-- @BeforeMethod setUp -->
  <testcase name="verifyLogin" time="0.0" classname="com.qafox.testscript.LoginPageTest">
    <skipped/>
  </testcase> <!-- verifyLogin -->
</testsuite> <!-- Command line test -->
