<?xml version="1.0" encoding="UTF-8" ?>
<testsuite tests="2" failures="1" name="com.qafox.testscript.LoginPageTest" time="0.409" errors="0" skipped="1">
  <properties>
[...]
</properties>
  <testcase classname="com.qafox.testscript.LoginPageTest" name="setUp" time="0.409">
    <failure type="java.lang.NullPointerException">java.lang.NullPointerException
	at com.qafox.base.TestBase.initialization(TestBase.java:41)
	at com.qafox.testscript.LoginPageTest.setUp(LoginPageTest.java:22)
</failure>
    <system-out>Configuring TestNG with: org.apache.maven.surefire.testng.conf.TestNG652Configurator@483bf400
</system-out>
    <system-err>java.io.FileNotFoundException: .\wallyaxassesment\src\main\java\com\wallyax\config\config.properties (The system cannot find the path specified)
	at java.io.FileInputStream.open0(Native Method)
	at java.io.FileInputStream.open(FileInputStream.java:195)
	at java.io.FileInputStream.&lt;init&gt;(FileInputStream.java:138)
	at java.io.FileInputStream.&lt;init&gt;(FileInputStream.java:93)
	at com.qafox.base.TestBase.&lt;init&gt;(TestBase.java:25)
	at com.qafox.testscript.LoginPageTest.&lt;init&gt;(LoginPageTest.java:17)
	at sun.reflect.NativeConstructorAccessorImpl.newInstance0(Native Method)
	at sun.reflect.NativeConstructorAccessorImpl.newInstance(NativeConstructorAccessorImpl.java:62)
	at sun.reflect.DelegatingConstructorAccessorImpl.newInstance(DelegatingConstructorAccessorImpl.java:45)
	at java.lang.reflect.Constructor.newInstance(Constructor.java:423)
	at org.testng.internal.ObjectFactoryImpl.newInstance(ObjectFactoryImpl.java:23)
	at org.testng.internal.InstanceCreator.instantiateUsingDefaultConstructor(InstanceCreator.java:193)
	at org.testng.internal.InstanceCreator.createInstanceUsingObjectFactory(InstanceCreator.java:113)
	at org.testng.internal.InstanceCreator.createInstance(InstanceCreator.java:79)
	at org.testng.internal.objects.SimpleObjectDispenser.dispense(SimpleObjectDispenser.java:25)
	at org.testng.internal.objects.GuiceBasedObjectDispenser.dispense(GuiceBasedObjectDispenser.java:30)
	at org.testng.internal.ClassImpl.getDefaultInstance(ClassImpl.java:112)
	at org.testng.internal.ClassImpl.getInstances(ClassImpl.java:165)
	at org.testng.TestClass.getInstances(TestClass.java:122)
	at org.testng.TestClass.initTestClassesAndInstances(TestClass.java:102)
	at org.testng.TestClass.init(TestClass.java:94)
	at org.testng.TestClass.&lt;init&gt;(TestClass.java:59)
	at org.testng.TestRunner.initMethods(TestRunner.java:463)
	at org.testng.TestRunner.init(TestRunner.java:339)
	at org.testng.TestRunner.init(TestRunner.java:292)
	at org.testng.TestRunner.&lt;init&gt;(TestRunner.java:183)
	at org.testng.SuiteRunner$DefaultTestRunnerFactory.newTestRunner(SuiteRunner.java:596)
	at org.testng.SuiteRunner.init(SuiteRunner.java:173)
	at org.testng.SuiteRunner.&lt;init&gt;(SuiteRunner.java:107)
	at org.testng.TestNG.createSuiteRunner(TestNG.java:1300)
	at org.testng.TestNG.createSuiteRunners(TestNG.java:1276)
	at org.testng.TestNG.runSuitesLocally(TestNG.java:1125)
	at org.testng.TestNG.runSuites(TestNG.java:1063)
	at org.testng.TestNG.run(TestNG.java:1031)
	at org.apache.maven.surefire.testng.TestNGExecutor.run(TestNGExecutor.java:77)
	at org.apache.maven.surefire.testng.TestNGDirectoryTestSuite.execute(TestNGDirectoryTestSuite.java:110)
	at org.apache.maven.surefire.testng.TestNGProvider.invoke(TestNGProvider.java:106)
	at sun.reflect.NativeMethodAccessorImpl.invoke0(Native Method)
	at sun.reflect.NativeMethodAccessorImpl.invoke(NativeMethodAccessorImpl.java:62)
	at sun.reflect.DelegatingMethodAccessorImpl.invoke(DelegatingMethodAccessorImpl.java:43)
	at java.lang.reflect.Method.invoke(Method.java:498)
	at org.apache.maven.surefire.util.ReflectionUtils.invokeMethodWithArray(ReflectionUtils.java:189)
	at org.apache.maven.surefire.booter.ProviderFactory$ProviderProxy.invoke(ProviderFactory.java:165)
	at org.apache.maven.surefire.booter.ProviderFactory.invokeProvider(ProviderFactory.java:85)
	at org.apache.maven.surefire.booter.ForkedBooter.runSuitesInProcess(ForkedBooter.java:115)
	at org.apache.maven.surefire.booter.ForkedBooter.main(ForkedBooter.java:75)
</system-err>
  </testcase>
  <testcase classname="com.qafox.testscript.LoginPageTest" name="verifyLogin" time="0">
    <skipped/>
  </testcase>
</testsuite>